<?xml version="1.0" encoding="UTF-8"?>
<testsuite name="com.amiltone.ci.model.pojo.BLEDeviceMockFailureImplTest" tests="3" skipped="0" failures="0" errors="0" timestamp="2017-11-08T14:11:21" hostname="iutabgdin202-10.univ-lyon1.fr" time="0.07">
  <properties/>
  <testcase name="pairConnectDevice" classname="com.amiltone.ci.model.pojo.BLEDeviceMockFailureImplTest" time="0.053"/>
  <testcase name="getLastValues" classname="com.amiltone.ci.model.pojo.BLEDeviceMockFailureImplTest" time="0.003"/>
  <testcase name="getLastValue" classname="com.amiltone.ci.model.pojo.BLEDeviceMockFailureImplTest" time="0.013"/>
  <system-out><![CDATA[]]></system-out>
  <system-err><![CDATA[]]></system-err>
</testsuite>
